[debug] [2025-09-12T15:42:26.223Z] ----------------------------------------------------------------------
[debug] [2025-09-12T15:42:26.228Z] Command:       /Users/dajupaco/.nvm/versions/node/v24.5.0/bin/node /Users/dajupaco/.nvm/versions/node/v24.5.0/bin/firebase deploy --only hosting
[debug] [2025-09-12T15:42:26.228Z] CLI Version:   14.16.0
[debug] [2025-09-12T15:42:26.228Z] Platform:      darwin
[debug] [2025-09-12T15:42:26.228Z] Node Version:  v24.5.0
[debug] [2025-09-12T15:42:26.228Z] Time:          Fri Sep 12 2025 17:42:26 GMT+0200 (Central European Summer Time)
[debug] [2025-09-12T15:42:26.228Z] ----------------------------------------------------------------------
[debug] 
[debug] [2025-09-12T15:42:26.298Z] > command requires scopes: ["email","openid","https://www.googleapis.com/auth/cloudplatformprojects.readonly","https://www.googleapis.com/auth/firebase","https://www.googleapis.com/auth/cloud-platform"]
[debug] [2025-09-12T15:42:26.298Z] > authorizing via signed-in user (pardo.web.developer@gmail.com)
[debug] [2025-09-12T15:42:26.298Z] [iam] checking project pardo-web-developer for permissions ["firebase.projects.get","firebasehosting.sites.update"]
[debug] [2025-09-12T15:42:26.299Z] Checked if tokens are valid: true, expires at: 1757694432699
[debug] [2025-09-12T15:42:26.299Z] Checked if tokens are valid: true, expires at: 1757694432699
[debug] [2025-09-12T15:42:26.299Z] >>> [apiv2][query] POST https://cloudresourcemanager.googleapis.com/v1/projects/pardo-web-developer:testIamPermissions [none]
[debug] [2025-09-12T15:42:26.299Z] >>> [apiv2][(partial)header] POST https://cloudresourcemanager.googleapis.com/v1/projects/pardo-web-developer:testIamPermissions x-goog-quota-user=projects/pardo-web-developer
[debug] [2025-09-12T15:42:26.299Z] >>> [apiv2][body] POST https://cloudresourcemanager.googleapis.com/v1/projects/pardo-web-developer:testIamPermissions {"permissions":["firebase.projects.get","firebasehosting.sites.update"]}
[debug] [2025-09-12T15:42:26.570Z] <<< [apiv2][status] POST https://cloudresourcemanager.googleapis.com/v1/projects/pardo-web-developer:testIamPermissions 200
[debug] [2025-09-12T15:42:26.571Z] <<< [apiv2][body] POST https://cloudresourcemanager.googleapis.com/v1/projects/pardo-web-developer:testIamPermissions {"permissions":["firebase.projects.get","firebasehosting.sites.update"]}
[debug] [2025-09-12T15:42:26.571Z] Checked if tokens are valid: true, expires at: 1757694432699
[debug] [2025-09-12T15:42:26.571Z] Checked if tokens are valid: true, expires at: 1757694432699
[debug] [2025-09-12T15:42:26.571Z] >>> [apiv2][query] GET https://firebase.googleapis.com/v1beta1/projects/pardo-web-developer [none]
[debug] [2025-09-12T15:42:26.924Z] <<< [apiv2][status] GET https://firebase.googleapis.com/v1beta1/projects/pardo-web-developer 200
[debug] [2025-09-12T15:42:26.924Z] <<< [apiv2][body] GET https://firebase.googleapis.com/v1beta1/projects/pardo-web-developer {"projectId":"pardo-web-developer","projectNumber":"52488464646","displayName":"pardo-web-developer","name":"projects/pardo-web-developer","resources":{"hostingSite":"pardo-web-developer"},"state":"ACTIVE","etag":"1_0952986a-fa72-494b-8486-53f5eb0a40fa"}
[info] 
[info] === Deploying to 'pardo-web-developer'...
[info] 
[info] i  deploying hosting 
[debug] [2025-09-12T15:42:26.930Z] Checked if tokens are valid: true, expires at: 1757694432699
[debug] [2025-09-12T15:42:26.930Z] Checked if tokens are valid: true, expires at: 1757694432699
[debug] [2025-09-12T15:42:26.930Z] >>> [apiv2][query] POST https://firebasehosting.googleapis.com/v1beta1/projects/-/sites/pardo-web-developer/versions [none]
[debug] [2025-09-12T15:42:26.930Z] >>> [apiv2][body] POST https://firebasehosting.googleapis.com/v1beta1/projects/-/sites/pardo-web-developer/versions {"status":"CREATED","labels":{"deployment-tool":"cli-firebase"}}
